1657829067990	geckodriver	INFO	Listening on 127.0.0.1:62763
1657829071018	mozrunner::runner	INFO	Running command: "C:\\Program Files\\Mozilla Firefox\\firefox.exe" "--marionette" "-headless" "--remote-debugging-port" "62764" "--remote-allow-hosts" "localhost" "-no-remote" "-profile" "C:\\Users\\james\\AppData\\Local\\Temp\\rust_mozprofileFM4i5d"
*** You are running in headless mode.
1657829072004	Marionette	INFO	Marionette enabled
1657829072008	Marionette	INFO	Listening on port 62773
WebDriver BiDi listening on ws://localhost:62764
Read port: 62773
1657829072257	RemoteAgent	WARN	TLS certificate errors will be ignored for this session
[GFX1-]: RenderCompositorSWGL failed mapping default framebuffer, no dt
console.warn: SearchSettings: "get: No settings file exists, new profile?" (new NotFoundError("Could not open the file at C:\\Users\\james\\AppData\\Local\\Temp\\rust_mozprofileFM4i5d\\search.json.mozlz4", (void 0)))
DevTools listening on ws://localhost:62764/devtools/browser/a9f65880-6714-4dae-863e-6bf0c4cbe7c4
JavaScript warning: https://pagead2.googlesyndication.com/bg/ScuHrLJSuMz-P8UpD_WVXyUZt188tH6pyCCWmvqBSxI.js line 2 > eval line 4840 > eval line 1 > eval line 1 > eval, line 1: WEBGL_debug_renderer_info is deprecated in Firefox and will be removed. Please use RENDERER.
1657829141111	Marionette	INFO	Stopped listening on port 62773
1657829345968	geckodriver	INFO	Listening on 127.0.0.1:56901
1657829349009	mozrunner::runner	INFO	Running command: "C:\\Program Files\\Mozilla Firefox\\firefox.exe" "--marionette" "-headless" "--remote-debugging-port" "56902" "--remote-allow-hosts" "localhost" "-no-remote" "-profile" "C:\\Users\\james\\AppData\\Local\\Temp\\rust_mozprofilevT2SQV"
*** You are running in headless mode.
1657829349298	Marionette	INFO	Marionette enabled
1657829349302	Marionette	INFO	Listening on port 56912
WebDriver BiDi listening on ws://localhost:56902
Read port: 56912
1657829349395	RemoteAgent	WARN	TLS certificate errors will be ignored for this session
[GFX1-]: RenderCompositorSWGL failed mapping default framebuffer, no dt
console.warn: SearchSettings: "get: No settings file exists, new profile?" (new NotFoundError("Could not open the file at C:\\Users\\james\\AppData\\Local\\Temp\\rust_mozprofilevT2SQV\\search.json.mozlz4", (void 0)))
DevTools listening on ws://localhost:56902/devtools/browser/92ff21f4-aa41-40dd-ab15-f7b6b4877c93
JavaScript warning: https://pagead2.googlesyndication.com/bg/ScuHrLJSuMz-P8UpD_WVXyUZt188tH6pyCCWmvqBSxI.js line 2 > eval line 5367 > eval line 1 > eval line 1 > eval, line 1: WEBGL_debug_renderer_info is deprecated in Firefox and will be removed. Please use RENDERER.
1657829415395	Marionette	INFO	Stopped listening on port 56912
[Parent 30604, IPC I/O Parent] WARNING: file /builds/worker/checkouts/gecko/ipc/chromium/src/base/process_util_win.cc:167
1657829625931	geckodriver	INFO	Listening on 127.0.0.1:57063
1657829628976	mozrunner::runner	INFO	Running command: "C:\\Program Files\\Mozilla Firefox\\firefox.exe" "--marionette" "-headless" "--remote-debugging-port" "57064" "--remote-allow-hosts" "localhost" "-no-remote" "-profile" "C:\\Users\\james\\AppData\\Local\\Temp\\rust_mozprofileBKZusR"
*** You are running in headless mode.
1657829629238	Marionette	INFO	Marionette enabled
1657829629242	Marionette	INFO	Listening on port 57073
WebDriver BiDi listening on ws://localhost:57064
Read port: 57073
1657829629435	RemoteAgent	WARN	TLS certificate errors will be ignored for this session
[GFX1-]: RenderCompositorSWGL failed mapping default framebuffer, no dt
console.warn: SearchSettings: "get: No settings file exists, new profile?" (new NotFoundError("Could not open the file at C:\\Users\\james\\AppData\\Local\\Temp\\rust_mozprofileBKZusR\\search.json.mozlz4", (void 0)))
DevTools listening on ws://localhost:57064/devtools/browser/70705e13-a25e-4e2c-8b8e-f8291bdba314
JavaScript warning: https://pagead2.googlesyndication.com/bg/ScuHrLJSuMz-P8UpD_WVXyUZt188tH6pyCCWmvqBSxI.js line 2 > eval line 4089 > eval line 1 > eval line 1 > eval, line 1: WEBGL_debug_renderer_info is deprecated in Firefox and will be removed. Please use RENDERER.
1657829684114	Marionette	INFO	Stopped listening on port 57073
[Parent 16336, IPC I/O Parent] WARNING: file /builds/worker/checkouts/gecko/ipc/chromium/src/base/process_util_win.cc:167
1657829726413	geckodriver	INFO	Listening on 127.0.0.1:57206
1657829729463	mozrunner::runner	INFO	Running command: "C:\\Program Files\\Mozilla Firefox\\firefox.exe" "--marionette" "-headless" "--remote-debugging-port" "57207" "--remote-allow-hosts" "localhost" "-no-remote" "-profile" "C:\\Users\\james\\AppData\\Local\\Temp\\rust_mozprofileo9xgCR"
*** You are running in headless mode.
1657829729758	Marionette	INFO	Marionette enabled
1657829729762	Marionette	INFO	Listening on port 57216
WebDriver BiDi listening on ws://localhost:57207
Read port: 57216
1657829729839	RemoteAgent	WARN	TLS certificate errors will be ignored for this session
[GFX1-]: RenderCompositorSWGL failed mapping default framebuffer, no dt
console.warn: SearchSettings: "get: No settings file exists, new profile?" (new NotFoundError("Could not open the file at C:\\Users\\james\\AppData\\Local\\Temp\\rust_mozprofileo9xgCR\\search.json.mozlz4", (void 0)))
DevTools listening on ws://localhost:57207/devtools/browser/103f3123-f5bc-4b60-a295-d3d61f5b34ff
JavaScript warning: https://pagead2.googlesyndication.com/bg/ScuHrLJSuMz-P8UpD_WVXyUZt188tH6pyCCWmvqBSxI.js line 2 > eval line 1719 > eval line 1 > eval line 1 > eval, line 1: WEBGL_debug_renderer_info is deprecated in Firefox and will be removed. Please use RENDERER.
1657829789643	Marionette	INFO	Stopped listening on port 57216
1657829837531	geckodriver	INFO	Listening on 127.0.0.1:57367
1657829840581	mozrunner::runner	INFO	Running command: "C:\\Program Files\\Mozilla Firefox\\firefox.exe" "--marionette" "-headless" "--remote-debugging-port" "57368" "--remote-allow-hosts" "localhost" "-no-remote" "-profile" "C:\\Users\\james\\AppData\\Local\\Temp\\rust_mozprofileMK1AQN"
*** You are running in headless mode.
1657829840843	Marionette	INFO	Marionette enabled
1657829840847	Marionette	INFO	Listening on port 57377
WebDriver BiDi listening on ws://localhost:57368
Read port: 57377
1657829841035	RemoteAgent	WARN	TLS certificate errors will be ignored for this session
[GFX1-]: RenderCompositorSWGL failed mapping default framebuffer, no dt
console.warn: SearchSettings: "get: No settings file exists, new profile?" (new NotFoundError("Could not open the file at C:\\Users\\james\\AppData\\Local\\Temp\\rust_mozprofileMK1AQN\\search.json.mozlz4", (void 0)))
DevTools listening on ws://localhost:57368/devtools/browser/cfd650ad-409f-445b-825b-8f7990e3004b
JavaScript warning: https://pagead2.googlesyndication.com/bg/ScuHrLJSuMz-P8UpD_WVXyUZt188tH6pyCCWmvqBSxI.js line 2 > eval line 3515 > eval line 1 > eval line 1 > eval, line 1: WEBGL_debug_renderer_info is deprecated in Firefox and will be removed. Please use RENDERER.
Shutting down due to socket process crash.
1657829882658	Marionette	INFO	Stopped listening on port 57377
mmand: "C:\\Program Files\\Mozilla Firefox\\firefox.exe" "--marionette" "-headless" "--remote-debugging-port" "57487" "--remote-allow-hosts" "localhost" "-no-remote" "-profile" "C:\\Users\\james\\AppData\\Local\\Temp\\rust_mozprofileGYV8hC"
*** You are running in headless mode.
1657829851510	Marionette	INFO	Marionette enabled
1657829851514	Marionette	INFO	Listening on port 57504
WebDriver BiDi listening on ws://localhost:57487
Read port: 57504
1657829851713	RemoteAgent	WARN	TLS certificate errors will be ignored for this session
[GFX1-]: RenderCompositorSWGL failed mapping default framebuffer, no dt
console.warn: SearchSettings: "get: No settings file exists, new profile?" (new NotFoundError("Could not open the file at C:\\Users\\james\\AppData\\Local\\Temp\\rust_mozprofileGYV8hC\\search.json.mozlz4", (void 0)))
DevTools listening on ws://localhost:57487/devtools/browser/26f5a92e-6b14-43b0-8299-559883500b0a
JavaScript warning: https://pagead2.googlesyndication.com/bg/ScuHrLJSuMz-P8UpD_WVXyUZt188tH6pyCCWmvqBSxI.js line 2 > eval line 3291 > eval line 1 > eval line 1 > eval, line 1: WEBGL_debug_renderer_info is deprecated in Firefox and will be removed. Please use RENDERER.
A content process crashed and MOZ_CRASHREPORTER_SHUTDOWN is set, shutting down
1657829881407	Marionette	INFO	Stopped listening on port 57504
[Parent 40632, IPC I/O Parent] WARNING: file /builds/worker/checkouts/gecko/ipc/chromium/src/base/process_util_win.cc:167
1657830011286	geckodriver	INFO	Listening on 127.0.0.1:57659
1657830014319	mozrunner::runner	INFO	Running command: "C:\\Program Files\\Mozilla Firefox\\firefox.exe" "--marionette" "-headless" "--remote-debugging-port" "57660" "--remote-allow-hosts" "localhost" "-no-remote" "-profile" "C:\\Users\\james\\AppData\\Local\\Temp\\rust_mozprofiledJfAUK"
*** You are running in headless mode.
1657830014582	Marionette	INFO	Marionette enabled
1657830014585	Marionette	INFO	Listening on port 57670
WebDriver BiDi listening on ws://localhost:57660
Read port: 57670
1657830014775	RemoteAgent	WARN	TLS certificate errors will be ignored for this session
[GFX1-]: RenderCompositorSWGL failed mapping default framebuffer, no dt
console.warn: SearchSettings: "get: No settings file exists, new profile?" (new NotFoundError("Could not open the file at C:\\Users\\james\\AppData\\Local\\Temp\\rust_mozprofiledJfAUK\\search.json.mozlz4", (void 0)))
DevTools listening on ws://localhost:57660/devtools/browser/cba20635-c99b-44dd-8f05-c73959ec371a
JavaScript warning: https://pagead2.googlesyndication.com/bg/ScuHrLJSuMz-P8UpD_WVXyUZt188tH6pyCCWmvqBSxI.js line 2 > eval line 5551 > eval line 1 > eval line 1 > eval, line 1: WEBGL_debug_renderer_info is deprecated in Firefox and will be removed. Please use RENDERER.
1657830072462	Marionette	INFO	Stopped listening on port 57670
1657830093881	geckodriver	INFO	Listening on 127.0.0.1:57815
1657830096920	mozrunner::runner	INFO	Running command: "C:\\Program Files\\Mozilla Firefox\\firefox.exe" "--marionette" "-headless" "--remote-debugging-port" "57816" "--remote-allow-hosts" "localhost" "-no-remote" "-profile" "C:\\Users\\james\\AppData\\Local\\Temp\\rust_mozprofileKn7iNA"
*** You are running in headless mode.
1657830097182	Marionette	INFO	Marionette enabled
1657830097186	Marionette	INFO	Listening on port 57825
WebDriver BiDi listening on ws://localhost:57816
Read port: 57825
1657830097380	RemoteAgent	WARN	TLS certificate errors will be ignored for this session
[GFX1-]: RenderCompositorSWGL failed mapping default framebuffer, no dt
console.warn: SearchSettings: "get: No settings file exists, new profile?" (new NotFoundError("Could not open the file at C:\\Users\\james\\AppData\\Local\\Temp\\rust_mozprofileKn7iNA\\search.json.mozlz4", (void 0)))
DevTools listening on ws://localhost:57816/devtools/browser/78cebedc-c70d-4034-bfa0-1bdc71b0a5cb
JavaScript warning: https://pagead2.googlesyndication.com/bg/ScuHrLJSuMz-P8UpD_WVXyUZt188tH6pyCCWmvqBSxI.js line 2 > eval line 259 > eval line 1 > eval line 1 > eval, line 1: WEBGL_debug_renderer_info is deprecated in Firefox and will be removed. Please use RENDERER.
1657830163636	Marionette	INFO	Stopped listening on port 57825
1657830212674	geckodriver	INFO	Listening on 127.0.0.1:57961
1657830215710	mozrunner::runner	INFO	Running command: "C:\\Program Files\\Mozilla Firefox\\firefox.exe" "--marionette" "-headless" "--remote-debugging-port" "57962" "--remote-allow-hosts" "localhost" "-no-remote" "-profile" "C:\\Users\\james\\AppData\\Local\\Temp\\rust_mozprofile8Oj9ux"
*** You are running in headless mode.
1657830215999	Marionette	INFO	Marionette enabled
1657830216003	Marionette	INFO	Listening on port 57971
WebDriver BiDi listening on ws://localhost:57962
Read port: 57971
1657830216089	RemoteAgent	WARN	TLS certificate errors will be ignored for this session
[GFX1-]: RenderCompositorSWGL failed mapping default framebuffer, no dt
console.warn: SearchSettings: "get: No settings file exists, new profile?" (new NotFoundError("Could not open the file at C:\\Users\\james\\AppData\\Local\\Temp\\rust_mozprofile8Oj9ux\\search.json.mozlz4", (void 0)))
DevTools listening on ws://localhost:57962/devtools/browser/7183ad31-d02e-48c5-8be4-759e574f465d
JavaScript warning: https://pagead2.googlesyndication.com/bg/ScuHrLJSuMz-P8UpD_WVXyUZt188tH6pyCCWmvqBSxI.js line 2 > eval line 6283 > eval line 1 > eval line 1 > eval, line 1: WEBGL_debug_renderer_info is deprecated in Firefox and will be removed. Please use RENDERER.
1657830275763	Marionette	INFO	Stopped listening on port 57971
1657830284750	geckodriver	INFO	Listening on 127.0.0.1:58111
1657830287797	mozrunner::runner	INFO	Running command: "C:\\Program Files\\Mozilla Firefox\\firefox.exe" "--marionette" "-headless" "--remote-debugging-port" "58112" "--remote-allow-hosts" "localhost" "-no-remote" "-profile" "C:\\Users\\james\\AppData\\Local\\Temp\\rust_mozprofile7IRFPl"
*** You are running in headless mode.
1657830288062	Marionette	INFO	Marionette enabled
1657830288065	Marionette	INFO	Listening on port 58121
WebDriver BiDi listening on ws://localhost:58112
Read port: 58121
1657830288231	RemoteAgent	WARN	TLS certificate errors will be ignored for this session
[GFX1-]: RenderCompositorSWGL failed mapping default framebuffer, no dt
console.warn: SearchSettings: "get: No settings file exists, new profile?" (new NotFoundError("Could not open the file at C:\\Users\\james\\AppData\\Local\\Temp\\rust_mozprofile7IRFPl\\search.json.mozlz4", (void 0)))
DevTools listening on ws://localhost:58112/devtools/browser/bbeab128-dd29-4ec8-a7a5-54c6f295b71a
JavaScript warning: https://pagead2.googlesyndication.com/bg/ScuHrLJSuMz-P8UpD_WVXyUZt188tH6pyCCWmvqBSxI.js line 2 > eval line 167 > eval line 1 > eval line 1 > eval, line 1: WEBGL_debug_renderer_info is deprecated in Firefox and will be removed. Please use RENDERER.
1657830347622	Marionette	INFO	Stopped listening on port 58121657830350067	mozrunner::runner	INFO	Running command: "C:\\Program Files\\Mozilla Firefox\\firefox.exe" "--marionette" "-headless" "--remote-debugging-port" "58252" "--remote-allow-hosts" "localhost" "-no-remote" "-profile" "C:\\Users\\james\\AppData\\Local\\Temp\\rust_mozprofileNN78mu"
*** You are running in headless mode.
1657830350327	Marionette	INFO	Marionette enabled
1657830350330	Marionette	INFO	Listening on port 58263
WebDriver BiDi listening on ws://localhost:58252
Read port: 58263
1657830350526	RemoteAgent	WARN	TLS certificate errors will be ignored for this session
[GFX1-]: RenderCompositorSWGL failed mapping default framebuffer, no dt
console.warn: SearchSettings: "get: No settings file exists, new profile?" (new NotFoundError("Could not open the file at C:\\Users\\james\\AppData\\Local\\Temp\\rust_mozprofileNN78mu\\search.json.mozlz4", (void 0)))
DevTools listening on ws://localhost:58252/devtools/browser/d6c2f2ce-7943-447c-8ea2-6afdc71df756
JavaScript warning: https://pagead2.googlesyndication.com/bg/ScuHrLJSuMz-P8UpD_WVXyUZt188tH6pyCCWmvqBSxI.js line 2 > eval line 3862 > eval line 1 > eval line 1 > eval, line 1: WEBGL_debug_renderer_info is deprecated in Firefox and will be removed. Please use RENDERER.
1657830410991	Marionette	INFO	Stopped listening on port 58263
1657830441037	geckodriver	INFO	Listening on 127.0.0.1:58403
1657830444078	mozrunner::runner	INFO	Running command: "C:\\Program Files\\Mozilla Firefox\\firefox.exe" "--marionette" "-headless" "--remote-debugging-port" "58404" "--remote-allow-hosts" "localhost" "-no-remote" "-profile" "C:\\Users\\james\\AppData\\Local\\Temp\\rust_mozprofile2Pu37l"
*** You are running in headless mode.
1657830444339	Marionette	INFO	Marionette enabled
1657830444342	Marionette	INFO	Listening on port 58413
WebDriver BiDi listening on ws://localhost:58404
Read port: 58413
1657830444531	RemoteAgent	WARN	TLS certificate errors will be ignored for this session
[GFX1-]: RenderCompositorSWGL failed mapping default framebuffer, no dt
console.warn: SearchSettings: "get: No settings file exists, new profile?" (new NotFoundError("Could not open the file at C:\\Users\\james\\AppData\\Local\\Temp\\rust_mozprofile2Pu37l\\search.json.mozlz4", (void 0)))
DevTools listening on ws://localhost:58404/devtools/browser/457146a2-1c13-4245-a98d-a91eefe66411
JavaScript warning: https://pagead2.googlesyndication.com/bg/ScuHrLJSuMz-P8UpD_WVXyUZt188tH6pyCCWmvqBSxI.js line 2 > eval line 1204 > eval line 1 > eval line 1 > eval, line 1: WEBGL_debug_renderer_info is deprecated in Firefox and will be removed. Please use RENDERER.
1657830508434	Marionette	INFO	Stopped listening on port 58413
1657830540085	geckodriver	INFO	Listening on 127.0.0.1:58557
1657830543124	mozrunner::runner	INFO	Running command: "C:\\Program Files\\Mozilla Firefox\\firefox.exe" "--marionette" "-headless" "--remote-debugging-port" "58558" "--remote-allow-hosts" "localhost" "-no-remote" "-profile" "C:\\Users\\james\\AppData\\Local\\Temp\\rust_mozprofilePzjHKV"
*** You are running in headless mode.
1657830543383	Marionette	INFO	Marionette enabled
1657830543386	Marionette	INFO	Listening on port 58568
WebDriver BiDi listening on ws://localhost:58558
Read port: 58568
1657830543573	RemoteAgent	WARN	TLS certificate errors will be ignored for this session
[GFX1-]: RenderCompositorSWGL failed mapping default framebuffer, no dt
console.warn: SearchSettings: "get: No settings file exists, new profile?" (new NotFoundError("Could not open the file at C:\\Users\\james\\AppData\\Local\\Temp\\rust_mozprofilePzjHKV\\search.json.mozlz4", (void 0)))
DevTools listening on ws://localhost:58558/devtools/browser/07bce075-e1a7-4563-85a6-623236eef7fb
JavaScript warning: https://pagead2.googlesyndication.com/bg/ScuHrLJSuMz-P8UpD_WVXyUZt188tH6pyCCWmvqBSxI.js line 2 > eval line 2071 > eval line 1 > eval line 1 > eval, line 1: WEBGL_debug_renderer_info is deprecated in Firefox and will be removed. Please use RENDERER.
1657830600443	Marionette	INFO	Stopped listening on port 58568
1657830821190	geckodriver	INFO	Listening on 127.0.0.1:63007
1657830824217	mozrunner::runner	INFO	Running command: "C:\\Program Files\\Mozilla Firefox\\firefox.exe" "--marionette" "-headless" "--remote-debugging-port" "63008" "--remote-allow-hosts" "localhost" "-no-remote" "-profile" "C:\\Users\\james\\AppData\\Local\\Temp\\rust_mozprofile1ExAGi"
*** You are running in headless mode.
1657830824484	Marionette	INFO	Marionette enabled
1657830824488	Marionette	INFO	Listening on port 63018
WebDriver BiDi listening on ws://localhost:63008
Read port: 63018
1657830824652	RemoteAgent	WARN	TLS certificate errors will be ignored for this session
[GFX1-]: RenderCompositorSWGL failed mapping default framebuffer, no dt
console.warn: SearchSettings: "get: No settings file exists, new profile?" (new NotFoundError("Could not open the file at C:\\Users\\james\\AppData\\Local\\Temp\\rust_mozprofile1ExAGi\\search.json.mozlz4", (void 0)))
DevTools listening on ws://localhost:63008/devtools/browser/bac66676-a63c-43ef-92a2-5b9f92ca8763
JavaScript warning: https://pagead2.googlesyndication.com/bg/ScuHrLJSuMz-P8UpD_WVXyUZt188tH6pyCCWmvqBSxI.js line 2 > eval line 6390 > eval line 1 > eval line 1 > eval, line 1: WEBGL_debug_renderer_info is deprecated in Firefox and will be removed. Please use RENDERER.
1657830880494	Marionette	INFO	Stopped listening on port 63018
1657831506210	geckodriver	INFO	Listening on 127.0.0.1:63266
1657831509238	mozrunner::runner	INFO	Running command: "C:\\Program Files\\Mozilla Firefox\\firefox.exe" "--marionette" "-headless" "--remote-debugging-port" "63267" "--remote-allow-hosts" "localhost" "-no-remote" "-profile" "C:\\Users\\james\\AppData\\Local\\Temp\\rust_mozprofileqxhWja"
*** You are running in headless mode.
1657831509503	Marionette	INFO	Marionette enabled
1657831509506	Marionette	INFO	Listening on port 63276
WebDriver BiDi listening on ws://localhost:63267
Read port: 63276
1657831509672	RemoteAgent	WARN	TLS certificate errors will be ignored for this session
[GFX1-]: RenderCompositorSWGL failed mapping default framebuffer, no dt
console.warn: SearchSettings: "get: No settings file exists, new profile?" (new NotFoundError("Could not open the file at C:\\Users\\james\\AppData\\Local\\Temp\\rust_mozprofileqxhWja\\search.json.mozlz4", (void 0)))
DevTools listening on ws://localhost:63267/devtools/browser/887ec1e1-4120-497f-9f6e-aab7a2b0c47a
JavaScript warning: https://pagead2.googlesyndication.com/bg/ScuHrLJSuMz-P8UpD_WVXyUZt188tH6pyCCWmvqBSxI.js line 2 > eval line 5687 > eval line 1 > eval line 1 > eval, line 1: WEBGL_debug_renderer_info is deprecated in Firefox and will be removed. Please use RENDERER.
1657831576490	Marionette	INFO	Stopped listening on port 63276
1657831615705	geckodriver	INFO	Listening on 127.0.0.1:63417
1657831618728	mozrunner::runner	INFO	Running command: "C:\\Program Files\\Mozilla Firefox\\firefox.exe" "--marionette" "-headless" "--remote-debugging-port" "63418" "--remote-allow-hosts" "localhost" "-no-remote" "-profile" "C:\\Users\\james\\AppData\\Local\\Temp\\rust_mozprofile1a2A4W"
*** You are running in headless mode.
1657831619010	Marionette	INFO	Marionette enabled
1657831619013	Marionette	INFO	Listening on port 63427
WebDriver BiDi listening on ws://localhost:63418
Read port: 63427
1657831619097	RemoteAgent	WARN	TLS certificate errors will be ignored for this session
[GFX1-]: RenderCompositorSWGL failed mapping default framebuffer, no dt
console.warn: SearchSettings: "get: No settings file exists, new profile?" (new NotFoundError("Could not open the file at C:\\Users\\james\\AppData\\Local\\Temp\\rust_mozprofile1a2A4W\\search.json.mozlz4", (void 0)))
DevTools listening on ws://localhost:63418/devtools/browser/56bada11-69b7-4d8f-81bf-617d42ea8a2b
JavaScript warning: https://pagead2.googlesyndication.com/bg/ScuHrLJSuMz-P8UpD_WVXyUZt188tH6pyCCWmvqBSxI.js line 2 > eval line 1426 > eval line 1 > eval line 1 > eval, line 1: WEBGL_debug_renderer_info is deprecated in Firefox and will be removed. Please use RENDERER.
1657831676080	Marionette	INFO	Stopped listening on port 63427
1657833754418	geckodriver	INFO	Listening on 127.0.0.1:62738
1657833757445	mozrunner::runner	INFO	Running command: "C:\\Program Files\\Mozilla Firefox\\firefox.exe" "--marionette" "-headless" "--remote-debugging-port" "62739" "--remote-allow-hosts" "localhost" "-no-remote" "-profile" "C:\\Users\\james\\AppData\\Local\\Temp\\rust_mozprofilePNR0rE"
*** You are running in headless mode.
1657833757728	Marionette	INFO	Marionette enabled
1657833757732	Marionette	INFO	Listening on port 62748
WebDriver BiDi listening on ws://localhost:62739
Read port: 62748
1657833757822	RemoteAgent	WARN	TLS certificate errors will be ignored for this session
[GFX1-]: RenderCompositorSWGL failed mapping default framebuffer, no dt
console.warn: SearchSettings: "get: No settings file exists, new profile?" (new NotFoundError("Could not open the file at C:\\Users\\james\\AppData\\Local\\Temp\\rust_mozprofilePNR0rE\\search.json.mozlz4", (void 0)))
DevTools listening on ws://localhost:62739/devtools/browser/2fd4b188-3117-415c-bbb6-f4eaccce39c1
JavaScript warning: https://pagead2.googlesyndication.com/bg/ScuHrLJSuMz-P8UpD_WVXyUZt188tH6pyCCWmvqBSxI.js line 2 > eval line 961 > eval line 1 > eval line 1 > eval, line 1: WEBGL_debug_renderer_info is deprecated in Firefox and will be removed. Please use RENDERER.
1657833817216	Marionette	INFO	Stopped listening on port 62748
1657833835426	geckodriver	INFO	Listening on 127.0.0.1:62882
1657833838441	mozrunner::runner	INFO	Running command: "C:\\Program Files\\Mozilla Firefox\\firefox.exe" "--marionette" "-headless" "--remote-debugging-port" "62883" "--remote-allow-hosts" "localhost" "-no-remote" "-profile" "C:\\Users\\james\\AppData\\Local\\Temp\\rust_mozprofileEPXRtE"
*** You are running in headless mode.
1657833838715	Marionette	INFO	Marionette enabled
1657833838718	Marionette	INFO	Listening on port 62892
WebDriver BiDi listening on ws://localhost:62883
Read port: 62892
1657833838883	RemoteAgent	WARN	TLS certificate errors will be ignored for this session
[GFX1-]: RenderCompositorSWGL failed mapping default framebuffer, no dt
console.warn: SearchSettings: "get: No settings file exists, new profile?" (new NotFoundError("Could not open the file at C:\\Users\\james\\AppData\\Local\\Temp\\rust_mozprofileEPXRtE\\search.json.mozlz4", (void 0)))
DevTools listening on ws://localhost:62883/devtools/browser/40c5fb43-3032-44c8-90f2-83a059cec093
JavaScript warning: https://pagead2.googlesyndication.com/bg/ScuHrLJSuMz-P8UpD_WVXyUZt188tH6pyCCWmvqBSxI.js line 2 > eval line 1132 > eval line 1 > eval line 1 > eval, line 1: WEBGL_debug_renderer_info is deprecated in Firefox and will be removed. Please use RENDERER.
1657833905371	Marionette	INFO	Stopped listening on port 62892
7833903086	mozrunner::runner	INFO	Running command: "C:\\Program Files\\Mozilla Firefox\\firefox.exe" "--marionette" "-headless" "--remote-debugging-port" "63022" "--remote-allow-hosts" "localhost" "-no-remote" "-profile" "C:\\Users\\james\\AppData\\Local\\Temp\\rust_mozprofileiYUCNt"
*** You are running in headless mode.
1657833903365	Marionette	INFO	Marionette enabled
1657833903369	Marionette	INFO	Listening on port 63035
WebDriver BiDi listening on ws://localhost:63022
Read port: 63035
1657833903453	RemoteAgent	WARN	TLS certificate errors will be ignored for this session
[GFX1-]: RenderCompositorSWGL failed mapping default framebuffer, no dt
console.warn: SearchSettings: "get: No settings file exists, new profile?" (new NotFoundError("Could not open the file at C:\\Users\\james\\AppData\\Local\\Temp\\rust_mozprofileiYUCNt\\search.json.mozlz4", (void 0)))
DevTools listening on ws://localhost:63022/devtools/browser/2a1c9ad4-350e-42d2-aedf-b15abd46c257
JavaScript warning: https://pagead2.googlesyndication.com/bg/ScuHrLJSuMz-P8UpD_WVXyUZt188tH6pyCCWmvqBSxI.js line 2 > eval line 7445 > eval line 1 > eval line 1 > eval, line 1: WEBGL_debug_renderer_info is deprecated in Firefox and will be removed. Please use RENDERER.
1657833961973	Marionette	INFO	Stopped listening on port 63035
1657833979354	geckodriver	INFO	Listening on 127.0.0.1:63177
1657833982378	mozrunner::runner	INFO	Running command: "C:\\Program Files\\Mozilla Firefox\\firefox.exe" "--marionette" "-headless" "--remote-debugging-port" "63178" "--remote-allow-hosts" "localhost" "-no-remote" "-profile" "C:\\Users\\james\\AppData\\Local\\Temp\\rust_mozprofile9V7p0k"
*** You are running in headless mode.
1657833982649	Marionette	INFO	Marionette enabled
1657833982652	Marionette	INFO	Listening on port 63187
WebDriver BiDi listening on ws://localhost:63178
Read port: 63187
1657833982831	RemoteAgent	WARN	TLS certificate errors will be ignored for this session
[GFX1-]: RenderCompositorSWGL failed mapping default framebuffer, no dt
console.warn: SearchSettings: "get: No settings file exists, new profile?" (new NotFoundError("Could not open the file at C:\\Users\\james\\AppData\\Local\\Temp\\rust_mozprofile9V7p0k\\search.json.mozlz4", (void 0)))
DevTools listening on ws://localhost:63178/devtools/browser/46a9d79b-9838-4bd1-8035-53fb99c45255
JavaScript warning: https://pagead2.googlesyndication.com/bg/ScuHrLJSuMz-P8UpD_WVXyUZt188tH6pyCCWmvqBSxI.js line 2 > eval line 4568 > eval line 1 > eval line 1 > eval, line 1: WEBGL_debug_renderer_info is deprecated in Firefox and will be removed. Please use RENDERER.
1657834088482	Marionette	INFO	Stopped listening on port 63187
7833991663	mozrunner::runner	INFO	Running command: "C:\\Program Files\\Mozilla Firefox\\firefox.exe" "--marionette" "-headless" "--remote-debugging-port" "63298" "--remote-allow-hosts" "localhost" "-no-remote" "-profile" "C:\\Users\\james\\AppData\\Local\\Temp\\rust_mozprofiled1ljcP"
*** You are running in headless mode.
1657833991939	Marionette	INFO	Marionette enabled
1657833991942	Marionette	INFO	Listening on port 63315
WebDriver BiDi listening on ws://localhost:63298
Read port: 63315
1657833992102	RemoteAgent	WARN	TLS certificate errors will be ignored for this session
[GFX1-]: RenderCompositorSWGL failed mapping default framebuffer, no dt
console.warn: SearchSettings: "get: No settings file exists, new profile?" (new NotFoundError("Could not open the file at C:\\Users\\james\\AppData\\Local\\Temp\\rust_mozprofiled1ljcP\\search.json.mozlz4", (void 0)))
DevTools listening on ws://localhost:63298/devtools/browser/cba51426-1387-4cc0-b490-02afe9da938a
JavaScript warning: https://pagead2.googlesyndication.com/bg/ScuHrLJSuMz-P8UpD_WVXyUZt188tH6pyCCWmvqBSxI.js line 2 > eval line 5947 > eval line 1 > eval line 1 > eval, line 1: WEBGL_debug_renderer_info is deprecated in Firefox and will be removed. Please use RENDERER.
1657834053685	Marionette	INFO	Stopped listening on port 63315
1657834108544	geckodriver	INFO	Listening on 127.0.0.1:63461
1657834111563	mozrunner::runner	INFO	Running command: "C:\\Program Files\\Mozilla Firefox\\firefox.exe" "--marionette" "-headless" "--remote-debugging-port" "63462" "--remote-allow-hosts" "localhost" "-no-remote" "-profile" "C:\\Users\\james\\AppData\\Local\\Temp\\rust_mozprofileq0Z242"
*** You are running in headless mode.
1657834111832	Marionette	INFO	Marionette enabled
16578341111657834114688	mozrunner::runner	INFO	Running command: "C:\\Program Files\\Mozilla Firefox\\firefox.exe" "--marionette" "-headless" "--remote-debugging-port" "63470" "--remote-allow-hosts" "localhost" "-no-remote" "-profile" "C:\\Users\\james\\AppData\\Local\\Temp\\rust_mozprofiler4vlid"
*** You are running in headless mode.
1657834115003	Marionette	INFO	Marionette enabled
1657834115007	Marionette	INFO	Listening on port 63567
WebDriver BiDi listening on ws://localhost:63470
Read port: 63567
1657834115089	RemoteAgent	WARN	TLS certificate errors will be ignored for this session
[GFX1-]: RenderCompositorSWGL failed mapping default framebuffer, no dt
console.warn: SearchSettings: "get: No settings file exists, new profile?" (new NotFoundError("Could not open the file at C:\\Users\\james\\AppData\\Local\\Temp\\rust_mozprofiler4vlid\\search.json.mo1657834170879	Marionette	INFO	Stopped listening on port 63474
evtools/browser/b8abd9bb-6617-4e11-a544-c49669f0ef29
JavaScript warning: https://pagead2.googlesyndication.com/bg/ScuHrLJSuMz-P8UpD_WVXyUZt188tH6pyCCWmvqBSxI.js line 2 > eval line 4372 > eval line 1 > eval line 1 > eval, line 1: WEBGL_debug_renderer_info is deprecated in Firefox and will be removed. Please use RENDERER.
1657834179137	Marionette	INFO	Stopped listening on port 63567
1657834271966	geckodriver	INFO	Listening on 127.0.0.1:63739
1657834275006	mozrunner::runner	INFO	Running command: "C:\\Program Files\\Mozilla Firefox\\firefox.exe" "--marionette" "-headless" "--remote-debugging-port" "63740" "--remote-allow-hosts" "localhost" "-no-remote" "-profile" "C:\\Users\\james\\AppData\\Local\\Temp\\rust_mozprofilePX0Ice"
*** You are running in headless mode.
1657834275724	Marionette	INFO	Marionette enabled
1657834275727	Marionette	INFO	Listening on port 63749
WebDriver BiDi listening on ws://localhost:63740
Read port: 63749
1657834275882	RemoteAgent	WARN	TLS certificate errors will be ignored for this session
[GFX1-]: RenderCompositorSWGL failed mapping default framebuffer, no dt
console.warn: SearchSettings: "get: No settings file exists, new profile?" (new NotFoundError("Could not open the file at C:\\Users\\james\\AppData\\Local\\Temp\\rust_mozprofilePX0Ice\\search.json.mozlz4", (void 0)))
DevTools listening on ws://localhost:63740/devtools/browser/1a27bac5-40b0-41f4-9c52-7d9e8a2219dd
JavaScript warning: https://pagead2.googlesyndication.com/bg/ScuHrLJSuMz-P8UpD_WVXyUZt188tH6pyCCWmvqBSxI.js line 2 > eval line 2649 > eval line 1 > eval line 1 > eval, line 1: WEBGL_debug_renderer_info is deprecated in Firefox and will be removed. Please use RENDERER.
1657834333461	Marionette	INFO	Stopped listening on port 63749
1657834433016	geckodriver	INFO	Listening on 127.0.0.1:63898
1657834436060	mozrunner::runner	INFO	Running command: "C:\\Program Files\\Mozilla Firefox\\firefox.exe" "--marionette" "-headless" "--remote-debugging-port" "63899" "--remote-allow-hosts" "localhost" "-no-remote" "-profile" "C:\\Users\\james\\AppData\\Local\\Temp\\rust_mozprofilec6GmGI"
*** You are running in headless mode.
1657834436339	Marionette	INFO	Marionette enabled
1657834436343	Marionette	INFO	Listening on port 63908
WebDriver BiDi listening on ws://localhost:63899
Read port: 63908
1657834436501	RemoteAgent	WARN	TLS certificate errors will be ignored for this session
[GFX1-]: RenderCompositorSWGL failed mapping default framebuffer, no dt
console.warn: SearchSettings: "get: No settings file exists, new profile?" (new NotFoundError("Could not open the file at C:\\Users\\james\\AppData\\Local\\Temp\\rust_mozprofilec6GmGI\\search.json.mozlz4", (void 0)))
DevTools listening on ws://localhost:63899/devtools/browser/d78069e0-449a-4336-af44-a274ba278be0
JavaScript warning: https://pagead2.googlesyndication.com/bg/ScuHrLJSuMz-P8UpD_WVXyUZt188tH6pyCCWmvqBSxI.js line 2 > eval line 4625 > eval line 1 > eval line 1 > eval, line 1: WEBGL_debug_renderer_info is deprecated in Firefox and will be removed. Please use RENDERER.
1657834503063	Marionette	INFO	Stopped listening on port 63908
1657834547749	geckodriver	INFO	Listening on 127.0.0.1:64047
1657834550787	mozrunner::runner	INFO	Running command: "C:\\Program Files\\Mozilla Firefox\\firefox.exe" "--marionette" "-headless" "--remote-debugging-port" "64048" "--remote-allow-hosts" "localhost" "-no-remote" "-profile" "C:\\Users\\james\\AppData\\Local\\Temp\\rust_mozprofileIoMQCX"
*** You are running in headless mode.
1657834551050	Marionette	INFO	Marionette enabled
1657834551053	Marionette	INFO	Listening on port 64057
WebDriver BiDi listening on ws://localhost:64048
Read port: 64057
1657834551254	RemoteAgent	WARN	TLS certificate errors will be ignored for this session
[GFX1-]: RenderCompositorSWGL failed mapping default framebuffer, no dt
console.warn: SearchSettings: "get: No settings file exists, new profile?" (new NotFoundError("Could not open the file at C:\\Users\\james\\AppData\\Local\\Temp\\rust_mozprofileIoMQCX\\search.json.mozlz4", (void 0)))
DevTools listening on ws://localhost:64048/devtools/browser/ea1b94a3-4079-4446-9d90-631d38376e51
JavaScript warning: https://pagead2.googlesyndication.com/bg/ScuHrLJSuMz-P8UpD_WVXyUZt188tH6pyCCWmvqBSxI.js line 2 > eval line 4385 > eval line 1 > eval line 1 > eval, line 1: WEBGL_debug_renderer_info is deprecated in Firefox and will be removed. Please use RENDERER.
1657834656889	Marionette	INFO	Stopped listening on port 64057
[Parent 34228, IPC I/O Parent] WARNING: file /builds/worker/checkouts/gecko/ipc/chromium/src/base/process_util_win.cc:167
1657836472225	geckodriver	INFO	Listening on 127.0.0.1:54248
1657836475256	mozrunner::runner	INFO	Running command: "C:\\Program Files\\Mozilla Firefox\\firefox.exe" "--marionette" "-headless" "--remote-debugging-port" "54249" "--remote-allow-hosts" "localhost" "-no-remote" "-profile" "C:\\Users\\james\\AppData\\Local\\Temp\\rust_mozprofiler5UW20"
*** You are running in headless mode.
1657836475546	Marionette	INFO	Marionette enabled
1657836475549	Marionette	INFO	Listening on port 54258
WebDriver BiDi listening on ws://localhost:54249
Read port: 54258
1657836475627	RemoteAgent	WARN	TLS certificate errors will be ignored for this session
[GFX1-]: RenderCompositorSWGL failed mapping default framebuffer, no dt
console.warn: SearchSettings: "get: No settings file exists, new profile?" (new NotFoundError("Could not open the file at C:\\Users\\james\\AppData\\Local\\Temp\\rust_mozprofiler5UW20\\search.json.mozlz4", (void 0)))
DevTools listening on ws://localhost:54249/devtools/browser/04ab93c6-42e2-46e5-a5c0-d6d6170ebbd3
JavaScript warning: https://pagead2.googlesyndication.com/bg/ScuHrLJSuMz-P8UpD_WVXyUZt188tH6pyCCWmvqBSxI.js line 2 > eval line 2305 > eval line 1 > eval line 1 > eval, line 1: WEBGL_debug_renderer_info is deprecated in Firefox and will be removed. Please use RENDERER.
1657836581301	Marionette	INFO	Stopped listening on port 54258
1657836640996	geckodriver	INFO	Listening on 127.0.0.1:54425
1657836644043	mozrunner::runner	INFO	Running command: "C:\\Program Files\\Mozilla Firefox\\firefox.exe" "--marionette" "-headless" "--remote-debugging-port" "54426" "--remote-allow-hosts" "localhost" "-no-remote" "-profile" "C:\\Users\\james\\AppData\\Local\\Temp\\rust_mozprofileMIfTsc"
*** You are running in headless mode.
1657836644307	Marionette	INFO	Marionette enabled
1657836644311	Marionette	INFO	Listening on port 54435
WebDriver BiDi listening on ws://localhost:54426
Read port: 54435
1657836644478	RemoteAgent	WARN	TLS certificate errors will be ignored for this session
[GFX1-]: RenderCompositorSWGL failed mapping default framebuffer, no dt
console.warn: SearchSettings: "get: No settings file exists, new profile?" (new NotFoundError("Could not open the file at C:\\Users\\james\\AppData\\Local\\Temp\\rust_mozprofileMIfTsc\\search.json.mozlz4", (void 0)))
DevTools listening on ws://localhost:54426/devtools/browser/c36112b0-6c90-4301-a34b-2c8f5783e3f8
JavaScript warning: https://pagead2.googlesyndication.com/bg/ScuHrLJSuMz-P8UpD_WVXyUZt188tH6pyCCWmvqBSxI.js line 2 > eval line 4077 > eval line 1 > eval line 1 > eval, line 1: WEBGL_debug_renderer_info is deprecated in Firefox and will be removed. Please use RENDERER.
1657836698525	Marionette	INFO	Stopped listening on port 54435
1657836737626	geckodriver	INFO	Listening on 127.0.0.1:64445
1657836740673	mozrunner::runner	INFO	Running command: "C:\\Program Files\\Mozilla Firefox\\firefox.exe" "--marionette" "-headless" "--remote-debugging-port" "64446" "--remote-allow-hosts" "localhost" "-no-remote" "-profile" "C:\\Users\\james\\AppData\\Local\\Temp\\rust_mozprofilellGebA"
*** You are running in headless mode.
1657836740956	Marionette	INFO	Marionette enabled
1657836740959	Marionette	INFO	Listening on port 64455
WebDriver BiDi listening on ws://localhost:64446
Read port: 64455
1657836741129	RemoteAgent	WARN	TLS certificate errors will be ignored for this session
[GFX1-]: RenderCompositorSWGL failed mapping default framebuffer, no dt
console.warn: SearchSettings: "get: No settings file exists, new profile?" (new NotFoundError("Could not open the file at C:\\Users\\james\\AppData\\Local\\Temp\\rust_mozprofilellGebA\\search.json.mozlz4", (void 0)))
DevTools listening on ws://localhost:64446/devtools/browser/36d59d69-7c1b-4445-b8c8-c4178c53c535
JavaScript warning: https://pagead2.googlesyndication.com/bg/ScuHrLJSuMz-P8UpD_WVXyUZt188tH6pyCCWmvqBSxI.js line 2 > eval line 3872 > eval line 1 > eval line 1 > eval, line 1: WEBGL_debug_renderer_info is deprecated in Firefox and will be removed. Please use RENDERER.
1657836797744	Marionette	INFO	Stopped listening on port 64455
JavaScript error: resource://gre/modules/CrashManager.jsm, line 906: AbortError: IOUtils: Shutting down and refusing additional I/O tasks
1657836819827	geckodriver	INFO	Listening on 127.0.0.1:64594
1657836822872	mozrunner::runner	INFO	Running command: "C:\\Program Files\\Mozilla Firefox\\firefox.exe" "--marionette" "-headless" "--remote-debugging-port" "64595" "--remote-allow-hosts" "localhost" "-no-remote" "-profile" "C:\\Users\\james\\AppData\\Local\\Temp\\rust_mozprofiledM1ICO"
*** You are running in headless mode.
1657836823140	Marionette	INFO	Marionette enabled
1657836823144	Marionette	INFO	Listening on port 64604
WebDriver BiDi listening on ws://localhost:64595
Read port: 64604
1657836823301	RemoteAgent	WARN	TLS certificate errors will be ignored for this session
[GFX1-]: RenderCompositorSWGL failed mapping default framebuffer, no dt
console.warn: SearchSettings: "get: No settings file exists, new profile?" (new NotFoundError("Could not open the file at C:\\Users\\james\\AppData\\Local\\Temp\\rust_mozprofiledM1ICO\\search.json.mozlz4", (void 0)))
DevTools listening on ws://localhost:64595/devtools/browser/e079afdf-c746-497c-941b-7dda6fc7466a
JavaScript warning: https://pagead2.googlesyndication.com/bg/ScuHrLJSuMz-P8UpD_WVXyUZt188tH6pyCCWmvqBSxI.js line 2 > eval line 6691 > eval line 1 > eval line 1 > eval, line 1: WEBGL_debug_renderer_info is deprecated in Firefox and will be removed. Please use RENDERER.
1657836929197	Marionette	INFO	Stopped listening on port 64604
[Parent 15552, IPC I/O Parent] WARNING: file /builds/worker/checkouts/gecko/ipc/chromium/src/base/process_util_win.cc:167
1657836942583	geckodriver	INFO	Listening on 127.0.0.1:64742
1657836945606	mozrunner::runner	INFO	Running command: "C:\\Program Files\\Mozilla Firefox\\firefox.exe" "--marionette" "-headless" "--remote-debugging-port" "64743" "--remote-allow-hosts" "localhost" "-no-remote" "-profile" "C:\\Users\\james\\AppData\\Local\\Temp\\rust_mozprofileawBoZW"
*** You are running in headless mode.
1657836945878	Marionette	INFO	Marionette enabled
1657836945882	Marionette	INFO	Listening on port 64752
WebDriver BiDi listening on ws://localhost:64743
Read port: 64752
1657836946080	RemoteAgent	WARN	TLS certificate errors will be ignored for this session
[GFX1-]: RenderCompositorSWGL failed mapping default framebuffer, no dt
console.warn: SearchSettings: "get: No settings file exists, new profile?" (new NotFoundError("Could not open the file at C:\\Users\\james\\AppData\\Local\\Temp\\rust_mozprofileawBoZW\\search.json.mozlz4", (void 0)))
DevTools listening on ws://localhost:64743/devtools/browser/fb4dd50b-f9ef-460a-93be-06cfcc036995
JavaScript warning: https://pagead2.googlesyndication.com/bg/ScuHrLJSuMz-P8UpD_WVXyUZt188tH6pyCCWmvqBSxI.js line 2 > eval line 7101 > eval line 1 > eval line 1 > eval, line 1: WEBGL_debug_renderer_info is deprecated in Firefox and will be removed. Please use RENDERER.
1657837006505	Marionette	INFO	Stopped listening on port 64752
1657837025170	geckodriver	INFO	Listening on 127.0.0.1:64883
1657837028198	mozrunner::runner	INFO	Running command: "C:\\Program Files\\Mozilla Firefox\\firefox.exe" "--marionette" "-headless" "--remote-debugging-port" "64884" "--remote-allow-hosts" "localhost" "-no-remote" "-profile" "C:\\Users\\james\\AppData\\Local\\Temp\\rust_mozprofileh94DXk"
*** You are running in headless mode.
1657837028465	Marionette	INFO	Marionette enabled
1657837028469	Marionette	INFO	Listening on port 64893
WebDriver BiDi listening on ws://localhost:64884
Read port: 64893
1657837028626	RemoteAgent	WARN	TLS certificate errors will be ignored for this session
[GFX1-]: RenderCompositorSWGL failed mapping default framebuffer, no dt
console.warn: SearchSettings: "get: No settings file exists, new profile?" (new NotFoundError("Could not open the file at C:\\Users\\james\\AppData\\Local\\Temp\\rust_mozprofileh94DXk\\search.json.mozlz4", (void 0)))
DevTools listening on ws://localhost:64884/devtools/browser/607d933f-22ad-463d-8c48-fef138ad3eb8
JavaScript warning: https://pagead2.googlesyndication.com/bg/ScuHrLJSuMz-P8UpD_WVXyUZt188tH6pyCCWmvqBSxI.js line 2 > eval line 4496 > eval line 1 > eval line 1 > eval, line 1: WEBGL_debug_renderer_info is deprecated in Firefox and will be removed. Please use RENDERER.
1657837089944	Marionette	INFO	Stopped listening on port 64893
1657838028506	geckodriver	INFO	Listening on 127.0.0.1:65154
1657838031528	mozrunner::runner	INFO	Running command: "C:\\Program Files\\Mozilla Firefox\\firefox.exe" "--marionette" "-headless" "--remote-debugging-port" "65155" "--remote-allow-hosts" "localhost" "-no-remote" "-profile" "C:\\Users\\james\\AppData\\Local\\Temp\\rust_mozprofileBXaWTJ"
*** You are running in headless mode.
1657838031798	Marionette	INFO	Marionette enabled
1657838031802	Marionette	INFO	Listening on port 65166
WebDriver BiDi listening on ws://localhost:65155
Read port: 65166
1657838031961	RemoteAgent	WARN	TLS certificate errors will be ignored for this session
[GFX1-]: RenderCompositorSWGL failed mapping default framebuffer, no dt
console.warn: SearchSettings: "get: No settings file exists, new profile?" (new NotFoundError("Could not open the file at C:\\Users\\james\\AppData\\Local\\Temp\\rust_mozprofileBXaWTJ\\search.json.mozlz4", (void 0)))
DevTools listening on ws://localhost:65155/devtools/browser/d51d498c-8a75-477e-b7c0-207690f4b157
JavaScript warning: https://pagead2.googlesyndication.com/bg/ScuHrLJSuMz-P8UpD_WVXyUZt188tH6pyCCWmvqBSxI.js line 2 > eval line 2889 > eval line 1 > eval line 1 > eval, line 1: WEBGL_debug_renderer_info is deprecated in Firefox and will be removed. Please use RENDERER.
1657838089552	Marionette	INFO	Stopped listening on port 65166
7838047268	mozrunner::runner	INFO	Running command: "C:\\Program Files\\Mozilla Firefox\\firefox.exe" "--marionette" "-headless" "--remote-debugging-port" "65285" "--remote-allow-hosts" "localhost" "-no-remote" "-profile" "C:\\Users\\james\\AppData\\Local\\Temp\\rust_mozprofile70vkgH"
*** You are running in headless mode.
1657838047537	Marionette	INFO	Marionette enabled
1657838047540	Marionette	INFO	Listening on port 65296
WebDriver BiDi listening on ws://localhost:65285
Read port: 65296
1657838047712	RemoteAgent	WARN	TLS certificate errors will be ignored for this session
[GFX1-]: RenderCompositorSWGL failed mapping default framebuffer, no dt
console.warn: SearchSettings: "get: No settings file exists, new profile?" (new NotFoundError("Could not open the file at C:\\Users\\james\\AppData\\Local\\Temp\\rust_mozprofile70vkgH\\search.json.mozlz4", (void 0)))
DevTools listening on ws://localhost:65285/devtools/browser/53d46e17-57ab-41a7-9889-735e5ae03574
JavaScript warning: https://pagead2.googlesyndication.com/bg/ScuHrLJSuMz-P8UpD_WVXyUZt188tH6pyCCWmvqBSxI.js line 2 > eval line 5663 > eval line 1 > eval line 1 > eval, line 1: WEBGL_debug_renderer_info is deprecated in Firefox and will be removed. Please use RENDERER.
1657838111632	Marionette	INFO	Stopped listening on port 65296
7838078142	mozrunner::runner	INFO	Running command: "C:\\Program Files\\Mozilla Firefox\\firefox.exe" "--marionette" "-headless" "--remote-debugging-port" "65421" "--remote-allow-hosts" "localhost" "-no-remote" "-profile" "C:\\Users\\james\\AppData\\Local\\Temp\\rust_mozprofile75ECJN"
*** You are running in headless mode.
1657838078443	Marionette	INFO	Marionette enabled
1657838078448	Marionette	INFO	Listening on port 65430
WebDriver BiDi listening on ws://localhost:65421
Read port: 65430
1657838078534	RemoteAgent	WARN	TLS certificate errors will be ignored for this session
[GFX1-]: RenderCompositorSWGL failed mapping default framebuffer, no dt
console.warn: SearchSettings: "get: No settings file exists, new profile?" (new NotFoundError("Could not open the file at C:\\Users\\james\\AppData\\Local\\Temp\\rust_mozprofile75ECJN\\search.json.mozlz4", (void 0)))
DevTools listening on ws://localhost:65421/devtools/browser/41c165b9-0661-4fb5-83dd-cbdb7af3f016
JavaScript warning: https://pagead2.googlesyndication.com/bg/ScuHrLJSuMz-P8UpD_WVXyUZt188tH6pyCCWmvqBSxI.js line 2 > eval line 5693 > eval line 1 > eval line 1 > eval, line 1: WEBGL_debug_renderer_info is deprecated in Firefox and will be removed. Please use RENDERER.
1657838184607	Marionette	INFO	Stopped listening on port 65430
7838131463	mozrunner::runner	INFO	Running command: "C:\\Program Files\\Mozilla Firefox\\firefox.exe" "--marionette" "-headless" "--remote-debugging-port" "50648" "--remote-allow-hosts" "localhost" "-no-remote" "-profile" "C:\\Users\\james\\AppData\\Local\\Temp\\rust_mozprofilegsB1Ro"
*** You are running in headless mode.
1657838132253	Marionette	INFO	Marionette enabled
1657838132257	Marionette	INFO	Listening on port 50657
WebDriver BiDi listening on ws://localhost:50648
Read port: 50657
1657838132560	RemoteAgent	WARN	TLS certificate errors will be ignored for this session
[GFX1-]: RenderCompositorSWGL failed mapping default framebuffer, no dt
console.warn: SearchSettings: "get: No settings file exists, new profile?" (new NotFoundError("Could not open the file at C:\\Users\\james\\AppData\\Local\\Temp\\rust_mozprofilegsB1Ro\\search.json.mozlz4", (void 0)))
DevTools listening on ws://localhost:50648/devtools/browser/0794031f-4797-40f0-ade8-fe11d9b8b9f3
JavaScript warning: https://pagead2.googlesyndication.com/bg/ScuHrLJSuMz-P8UpD_WVXyUZt188tH6pyCCWmvqBSxI.js line 2 > eval line 3171 > eval line 1 > eval line 1 > eval, line 1: WEBGL_debug_renderer_info is deprecated in Firefox and will be removed. Please use RENDERER.
1657838185478	Marionette	INFO	Stopped listening on port 50657
JavaScript error: resource://gre/modules/AsyncShutdown.jsm, line 718: Error: Phase "Sqlite.jsm: wait until all connections are closed" is finished, it is too late to register completion condition "protections.sqlite#0: waiting for shutdown"
1657838206240	geckodriver	INFO	Listening on 127.0.0.1:62324
1657838209269	mozrunner::runner	INFO	Running command: "C:\\Program Files\\Mozilla Firefox\\firefox.exe" "--marionette" "-headless" "--remote-debugging-port" "62325" "--remote-allow-hosts" "localhost" "-no-remote" "-profile" "C:\\Users\\james\\AppData\\Local\\Temp\\rust_mozprofiley5zo91"
*** You are running in headless mode.
1657838209536	Marionette	INFO	Marionette enabled
1657838209539	Marionette	INFO	Listening on port 62334
WebDriver BiDi listening on ws://localhost:62325
Read port: 62334
1657838209703	RemoteAgent	WARN	TLS certificate errors will be ignored for this session
[GFX1-]: RenderCompositorSWGL failed mapping default framebuffer, no dt
console.warn: SearchSettings: "get: No settings file exists, new profile?" (new NotFoundError("Could not open the file at C:\\Users\\james\\AppData\\Local\\Temp\\rust_mozprofiley5zo91\\search.json.mozlz4", (void 0)))
DevTools listening on ws://localhost:62325/devtools/browser/bb5ed751-2cc3-4455-85ee-e9082491a3d4
JavaScript warning: https://pagead2.googlesyndication.com/bg/ScuHrLJSuMz-P8UpD_WVXyUZt188tH6pyCCWmvqBSxI.js line 2 > eval line 1126 > eval line 1 > eval line 1 > eval, line 1: WEBGL_debug_renderer_info is deprecated in Firefox and will be removed. Please use RENDERER.
1657838262660	Marionette	INFO	Stopped listening on port 62334
7838235993	mozrunner::runner	INFO	Running command: "C:\\Program Files\\Mozilla Firefox\\firefox.exe" "--marionette" "-headless" "--remote-debugging-port" "62459" "--remote-allow-hosts" "localhost" "-no-remote" "-profile" "C:\\Users\\james\\AppData\\Local\\Temp\\rust_mozprofileqkghRN"
*** You are running in headless mode.
1657838236308	Marionette	INFO	Marionette enabled
1657838236312	Marionette	INFO	Listening on port 62468
WebDriver BiDi listening on ws://localhost:62459
Read port: 62468
1657838236406	RemoteAgent	WARN	TLS certificate errors will be ignored for this session
[GFX1-]: RenderCompositorSWGL failed mapping default framebuffer, no dt
console.warn: SearchSettings: "get: No settings file exists, new profile?" (new NotFoundError("Could not open the file at C:\\Users\\james\\AppData\\Local\\Temp\\rust_mozprofileqkghRN\\search.json.mozlz4", (void 0)))
DevTools listening on ws://localhost:62459/devtools/browser/c9e5d2fd-5106-4d90-a3fe-6a91a5f2ea38
JavaScript warning: https://pagead2.googlesyndication.com/bg/ScuHrLJSuMz-P8UpD_WVXyUZt188tH6pyCCWmvqBSxI.js line 2 > eval line 4277 > eval line 1 > eval line 1 > eval, line 1: WEBGL_debug_renderer_info is deprecated in Firefox and will be removed. Please use RENDERER.
1657838342039	Marionette	INFO	Stopped listening on port 62468
1657838354488	geckodriver	INFO	Listening on 127.0.0.1:62626
1657838357508	mozrunner::runner	INFO	Running command: "C:\\Program Files\\Mozilla Firefox\\firefox.exe" "--marionette" "-headless" "--remote-debugging-port" "62627" "--remote-allow-hosts" "localhost" "-no-remote" "-profile" "C:\\Users\\james\\AppData\\Local\\Temp\\rust_mozprofileX2WUy4"
*** You are running in headless mode.
1657838357777	Marionette	INFO	Marionette enabled
1657838357781	Marionette	INFO	Listening on port 62637
WebDriver BiDi listening on ws://localhost:62627
Read port: 62637
1657838357941	RemoteAgent	WARN	TLS certificate errors will be ignored for this session
[GFX1-]: RenderCompositorSWGL failed mapping default framebuffer, no dt
console.warn: SearchSettings: "get: No settings file exists, new profile?" (new NotFoundError("Could not open the file at C:\\Users\\james\\AppData\\Local\\Temp\\rust_mozprofileX2WUy4\\search.json.mozlz4", (void 0)))
DevTools listening on ws://localhost:62627/devtools/browser/b5b7de29-a31b-4618-b9a3-261a68001c6e
JavaScript warning: https://pagead2.googlesyndication.com/bg/ScuHrLJSuMz-P8UpD_WVXyUZt188tH6pyCCWmvqBSxI.js line 2 > eval line 367 > eval line 1 > eval line 1 > eval, line 1: WEBGL_debug_renderer_info is deprecated in Firefox and will be removed. Please use RENDERER.
1657838412749	Marionette	INFO	Stopped listening on port 62637
7838368133	mozrunner::runner	INFO	Running command: "C:\\Program Files\\Mozilla Firefox\\firefox.exe" "--marionette" "-headless" "--remote-debugging-port" "62748" "--remote-allow-hosts" "localhost" "-no-remote" "-profile" "C:\\Users\\james\\AppData\\Local\\Temp\\rust_mozprofileTe0gsk"
*** You are running in headless mode.
1657838368418	Marionette	INFO	Marionette enabled
1657838368422	Marionette	INFO	Listening on port 62765
WebDriver BiDi listening on ws://localhost:62748
Read port: 62765
1657838368525	RemoteAgent	WARN	TLS certificate errors will be ignored for this session
[GFX1-]: RenderCompositorSWGL failed mapping default framebuffer, no dt
console.warn: SearchSettings: "get: No settings file exists, new profile?" (new NotFoundError("Could not open the file at C:\\Users\\james\\AppData\\Local\\Temp\\rust_mozprofileTe0gsk\\search.json.mozlz4", (void 0)))
DevTools listening on ws://localhost:62748/devtools/browser/b78e08db-17bf-437d-8f2f-b1787fc8bc4c
JavaScript warning: https://pagead2.googlesyndication.com/bg/ScuHrLJSuMz-P8UpD_WVXyUZt188tH6pyCCWmvqBSxI.js line 2 > eval line 2803 > eval line 1 > eval line 1 > eval, line 1: WEBGL_debug_renderer_info is deprecated in Firefox and will be removed. Please use RENDERER.
1657838423548	Marionette	INFO	Stopped listening on port 62765
