1657570381506	geckodriver	INFO	Listening on 127.0.0.1:64758
1657570384533	mozrunner::runner	INFO	Running command: "C:\\Program Files\\Mozilla Firefox\\firefox.exe" "--marionette" "--remote-debugging-port" "64759" "--remote-allow-hosts" "localhost" "-no-remote" "-profile" "C:\\Users\\james\\AppData\\Local\\Temp\\rust_mozprofilegWT5st"
1657570384844	Marionette	INFO	Marionette enabled
1657570384849	Marionette	INFO	Listening on port 64768
WebDriver BiDi listening on ws://localhost:64759
Read port: 64768
1657570384945	RemoteAgent	WARN	TLS certificate errors will be ignored for this session
console.warn: SearchSettings: "get: No settings file exists, new profile?" (new NotFoundError("Could not open the file at C:\\Users\\james\\AppData\\Local\\Temp\\rust_mozprofilegWT5st\\search.json.mozlz4", (void 0)))
DevTools listening on ws://localhost:64759/devtools/browser/926c7e9b-e3e4-4da9-85ac-3c63ae2031a2
1657570401890	Marionette	INFO	Stopped listening on port 64768
console.warn: TopSitesFeed: Failed to fetch data from Contile server: NetworkError when attempting to fetch resource.
1657570460989	geckodriver	INFO	Listening on 127.0.0.1:65025
1657570464041	mozrunner::runner	INFO	Running command: "C:\\Program Files\\Mozilla Firefox\\firefox.exe" "--marionette" "--window-size=1920,1080" "--start-maximized" "-headless" "--remote-debugging-port" "65026" "--remote-allow-hosts" "localhost" "-no-remote" "-profile" "C:\\Users\\james\\AppData\\Local\\Temp\\rust_mozprofile7C0MNJ"
*** You are running in headless mode.
1657570464309	Marionette	INFO	Marionette enabled
1657570464312	Marionette	INFO	Listening on port 65037
WebDriver BiDi listening on ws://localhost:65026
Read port: 65037
1657570464470	RemoteAgent	WARN	TLS certificate errors will be ignored for this session
[GFX1-]: RenderCompositorSWGL failed mapping default framebuffer, no dt
console.warn: SearchSettings: "get: No settings file exists, new profile?" (new NotFoundError("Could not open the file at C:\\Users\\james\\AppData\\Local\\Temp\\rust_mozprofile7C0MNJ\\search.json.mozlz4", (void 0)))
DevTools listening on ws://localhost:65026/devtools/browser/885f7c4b-2d7e-4e9e-b0cd-43a77967eb9d
JavaScript warning: https://pagead2.googlesyndication.com/bg/_j1ezhpSwBWUHEITOmC2IR4vOiGfDYio7V63aY1ETrc.js line 2 > eval line 2904 > eval line 1 > eval line 1 > eval, line 1: WEBGL_debug_renderer_info is deprecated in Firefox and will be removed. Please use RENDERER.
1657570524850	Marionette	INFO	Stopped listening on port 65037
1657570596237	geckodriver	INFO	Listening on 127.0.0.1:58494
1657570599288	mozrunner::runner	INFO	Running command: "C:\\Program Files\\Mozilla Firefox\\firefox.exe" "--marionette" "-headless" "--remote-debugging-port" "58495" "--remote-allow-hosts" "localhost" "-no-remote" "-profile" "C:\\Users\\james\\AppData\\Local\\Temp\\rust_mozprofile2p7Rrb"
*** You are running in headless mode.
1657570599552	Marionette	INFO	Marionette enabled
1657570599555	Marionette	INFO	Listening on port 58504
WebDriver BiDi listening on ws://localhost:58495
Read port: 58504
1657570599752	RemoteAgent	WARN	TLS certificate errors will be ignored for this session
[GFX1-]: RenderCompositorSWGL failed mapping default framebuffer, no dt
console.warn: SearchSettings: "get: No settings file exists, new profile?" (new NotFoundError("Could not open the file at C:\\Users\\james\\AppData\\Local\\Temp\\rust_mozprofile2p7Rrb\\search.json.mozlz4", (void 0)))
DevTools listening on ws://localhost:58495/devtools/browser/977ccf24-522f-4902-b8f8-1ca6740d245e
JavaScript warning: https://pagead2.googlesyndication.com/bg/_j1ezhpSwBWUHEITOmC2IR4vOiGfDYio7V63aY1ETrc.js line 2 > eval line 274 > eval line 1 > eval line 1 > eval, line 1: WEBGL_debug_renderer_info is deprecated in Firefox and will be removed. Please use RENDERER.
1657570657800	Marionette	INFO	Stopped listening on port 58504
[Parent 24884, IPC I/O Parent] WARNING: file /builds/worker/checkouts/gecko/ipc/chromium/src/base/process_util_win.cc:167
